<?xml version="1.0" encoding="UTF-8"?>
<!-- Generated by org.testng.reporters.JUnitXMLReporter -->
<testsuite ignored="0" hostname="Kedar" failures="1" tests="17" name="Test" time="159.246" errors="0" timestamp="2022-04-21T16:01:35 IST">
  <testcase classname="TestCases.DashBoardPageTest" name="@BeforeMethod Setup" time="22.885">
    <failure type="org.openqa.selenium.WebDriverException" message="Timed out waiting for driver server to start.
Build info: version: &amp;apos;3.141.59&amp;apos;, revision: &amp;apos;e82be7d358&amp;apos;, time: &amp;apos;2018-11-14T08:17:03&amp;apos;
System info: host: &amp;apos;KEDAR&amp;apos;, ip: &amp;apos;192.168.56.1&amp;apos;, os.name: &amp;apos;Windows 8.1&amp;apos;, os.arch: &amp;apos;amd64&amp;apos;, os.version: &amp;apos;6.3&amp;apos;, java.version: &amp;apos;17.0.2&amp;apos;
Driver info: driver.version: ChromeDriver">
      <![CDATA[org.openqa.selenium.WebDriverException: Timed out waiting for driver server to start.
Build info: version: '3.141.59', revision: 'e82be7d358', time: '2018-11-14T08:17:03'
System info: host: 'KEDAR', ip: '192.168.56.1', os.name: 'Windows 8.1', os.arch: 'amd64', os.version: '6.3', java.version: '17.0.2'
Driver info: driver.version: ChromeDriver
at org.openqa.selenium.remote.service.DriverService.waitUntilAvailable(DriverService.java:202)
at org.openqa.selenium.remote.service.DriverService.start(DriverService.java:188)
at org.openqa.selenium.remote.service.DriverCommandExecutor.execute(DriverCommandExecutor.java:79)
at org.openqa.selenium.remote.RemoteWebDriver.execute(RemoteWebDriver.java:552)
at org.openqa.selenium.remote.RemoteWebDriver.startSession(RemoteWebDriver.java:213)
at org.openqa.selenium.remote.RemoteWebDriver.<init>(RemoteWebDriver.java:131)
at org.openqa.selenium.chrome.ChromeDriver.<init>(ChromeDriver.java:181)
at org.openqa.selenium.chrome.ChromeDriver.<init>(ChromeDriver.java:168)
at org.openqa.selenium.chrome.ChromeDriver.<init>(ChromeDriver.java:157)
at Base.TestBase.OpenBrowser(TestBase.java:36)
at TestCases.DashBoardPageTest.Setup(DashBoardPageTest.java:25)
at java.base/java.util.ArrayList.forEach(ArrayList.java:1511)
Caused by: org.openqa.selenium.net.UrlChecker$TimeoutException: Timed out waiting for [http://localhost:12042/status] to be available after 20005 ms
at org.openqa.selenium.net.UrlChecker.waitUntilAvailable(UrlChecker.java:100)
at org.openqa.selenium.remote.service.DriverService.waitUntilAvailable(DriverService.java:197)
... 42 more
Caused by: java.util.concurrent.TimeoutException
at java.base/java.util.concurrent.FutureTask.get(FutureTask.java:204)
at com.google.common.util.concurrent.SimpleTimeLimiter.callWithTimeout(SimpleTimeLimiter.java:156)
at org.openqa.selenium.net.UrlChecker.waitUntilAvailable(UrlChecker.java:75)
... 43 more
... Removed 31 stack frames]]>
    </failure>
  </testcase> <!-- @BeforeMethod Setup -->
  <testcase classname="TestCases.DashBoardPageTest" name="@AfterMethod close" time="-1.650536959571E9">
    <skipped/>
  </testcase> <!-- @AfterMethod close -->
  <testcase classname="TestCases.DashBoardPageTest" name="@BeforeMethod Setup" time="-1.650536959578E9">
    <skipped/>
  </testcase> <!-- @BeforeMethod Setup -->
  <testcase classname="TestCases.DashBoardPageTest" name="@AfterMethod close" time="-1.650536959596E9">
    <skipped/>
  </testcase> <!-- @AfterMethod close -->
  <testcase classname="TestCases.DashBoardPageTest" name="@BeforeMethod Setup" time="-1.650536959609E9">
    <skipped/>
  </testcase> <!-- @BeforeMethod Setup -->
  <testcase classname="TestCases.DashBoardPageTest" name="@AfterMethod close" time="-1.650536959628E9">
    <skipped/>
  </testcase> <!-- @AfterMethod close -->
  <testcase classname="TestCases.DashBoardPageTest" name="@BeforeMethod Setup" time="-1.650536959631E9">
    <skipped/>
  </testcase> <!-- @BeforeMethod Setup -->
  <testcase classname="TestCases.DashBoardPageTest" name="@AfterMethod close" time="-1.650536959642E9">
    <skipped/>
  </testcase> <!-- @AfterMethod close -->
  <testcase classname="TestCases.DashBoardPageTest" name="@BeforeMethod Setup" time="-1.650536959648E9">
    <skipped/>
  </testcase> <!-- @BeforeMethod Setup -->
  <testcase classname="TestCases.DashBoardPageTest" name="@AfterMethod close" time="-1.650536959699E9">
    <skipped/>
  </testcase> <!-- @AfterMethod close -->
  <testcase classname="TestCases.DashBoardPageTest" name="@BeforeMethod Setup" time="-1.65053695972E9">
    <skipped/>
  </testcase> <!-- @BeforeMethod Setup -->
  <testcase classname="TestCases.DashBoardPageTest" name="@AfterMethod close" time="-1.650536959769E9">
    <skipped/>
  </testcase> <!-- @AfterMethod close -->
  <testcase classname="TestCases.DashBoardPageTest" name="@BeforeMethod Setup" time="-1.650536959784E9">
    <skipped/>
  </testcase> <!-- @BeforeMethod Setup -->
  <testcase classname="TestCases.DashBoardPageTest" name="@AfterMethod close" time="-1.650536959805E9">
    <skipped/>
  </testcase> <!-- @AfterMethod close -->
  <testcase classname="TestCases.HoldingPageTest" name="@BeforeMethod setup" time="20.018">
    <failure type="org.openqa.selenium.WebDriverException" message="Timed out waiting for driver server to start.
Build info: version: &amp;apos;3.141.59&amp;apos;, revision: &amp;apos;e82be7d358&amp;apos;, time: &amp;apos;2018-11-14T08:17:03&amp;apos;
System info: host: &amp;apos;KEDAR&amp;apos;, ip: &amp;apos;192.168.56.1&amp;apos;, os.name: &amp;apos;Windows 8.1&amp;apos;, os.arch: &amp;apos;amd64&amp;apos;, os.version: &amp;apos;6.3&amp;apos;, java.version: &amp;apos;17.0.2&amp;apos;
Driver info: driver.version: ChromeDriver">
      <![CDATA[org.openqa.selenium.WebDriverException: Timed out waiting for driver server to start.
Build info: version: '3.141.59', revision: 'e82be7d358', time: '2018-11-14T08:17:03'
System info: host: 'KEDAR', ip: '192.168.56.1', os.name: 'Windows 8.1', os.arch: 'amd64', os.version: '6.3', java.version: '17.0.2'
Driver info: driver.version: ChromeDriver
at org.openqa.selenium.remote.service.DriverService.waitUntilAvailable(DriverService.java:202)
at org.openqa.selenium.remote.service.DriverService.start(DriverService.java:188)
at org.openqa.selenium.remote.service.DriverCommandExecutor.execute(DriverCommandExecutor.java:79)
at org.openqa.selenium.remote.RemoteWebDriver.execute(RemoteWebDriver.java:552)
at org.openqa.selenium.remote.RemoteWebDriver.startSession(RemoteWebDriver.java:213)
at org.openqa.selenium.remote.RemoteWebDriver.<init>(RemoteWebDriver.java:131)
at org.openqa.selenium.chrome.ChromeDriver.<init>(ChromeDriver.java:181)
at org.openqa.selenium.chrome.ChromeDriver.<init>(ChromeDriver.java:168)
at org.openqa.selenium.chrome.ChromeDriver.<init>(ChromeDriver.java:157)
at Base.TestBase.OpenBrowser(TestBase.java:36)
at TestCases.HoldingPageTest.setup(HoldingPageTest.java:19)
at java.base/java.util.ArrayList.forEach(ArrayList.java:1511)
Caused by: org.openqa.selenium.net.UrlChecker$TimeoutException: Timed out waiting for [http://localhost:31756/status] to be available after 20002 ms
at org.openqa.selenium.net.UrlChecker.waitUntilAvailable(UrlChecker.java:100)
at org.openqa.selenium.remote.service.DriverService.waitUntilAvailable(DriverService.java:197)
... 42 more
Caused by: java.util.concurrent.TimeoutException
at java.base/java.util.concurrent.FutureTask.get(FutureTask.java:204)
at com.google.common.util.concurrent.SimpleTimeLimiter.callWithTimeout(SimpleTimeLimiter.java:156)
at org.openqa.selenium.net.UrlChecker.waitUntilAvailable(UrlChecker.java:75)
... 43 more
... Removed 31 stack frames]]>
    </failure>
  </testcase> <!-- @BeforeMethod setup -->
  <testcase classname="TestCases.HoldingPageTest" name="@AfterMethod close" time="-1.650536979864E9">
    <skipped/>
  </testcase> <!-- @AfterMethod close -->
  <testcase classname="TestCases.FundsPagesTest" name="@BeforeMethod Setup" time="35.476">
    <failure type="org.openqa.selenium.NoSuchElementException" message="no such element: Unable to locate element: {&amp;quot;method&amp;quot;:&amp;quot;xpath&amp;quot;,&amp;quot;selector&amp;quot;:&amp;quot;//input[@id=&amp;apos;pin&amp;apos;]&amp;quot;}
  (Session info: chrome=100.0.4896.127)
For documentation on this error, please visit: https://www.seleniumhq.org/exceptions/no_such_element.html
Build info: version: &amp;apos;3.141.59&amp;apos;, revision: &amp;apos;e82be7d358&amp;apos;, time: &amp;apos;2018-11-14T08:17:03&amp;apos;
System info: host: &amp;apos;KEDAR&amp;apos;, ip: &amp;apos;192.168.56.1&amp;apos;, os.name: &amp;apos;Windows 8.1&amp;apos;, os.arch: &amp;apos;amd64&amp;apos;, os.version: &amp;apos;6.3&amp;apos;, java.version: &amp;apos;17.0.2&amp;apos;
Driver info: org.openqa.selenium.chrome.ChromeDriver
Capabilities {acceptInsecureCerts: false, browserName: chrome, browserVersion: 100.0.4896.127, chrome: {chromedriverVersion: 100.0.4896.60 (6a5d10861ce8..., userDataDir: C:\Users\KEDARP~1\AppData\L...}, goog:chromeOptions: {debuggerAddress: localhost:55407}, javascriptEnabled: true, networkConnectionEnabled: false, pageLoadStrategy: normal, platform: WINDOWS, platformName: WINDOWS, proxy: Proxy(), setWindowRect: true, strictFileInteractability: false, timeouts: {implicit: 0, pageLoad: 300000, script: 30000}, unhandledPromptBehavior: dismiss and notify, webauthn:extension:credBlob: true, webauthn:extension:largeBlob: true, webauthn:virtualAuthenticators: true}
Session ID: 27bebc12be2f4c798c52eaf26efc7eff
*** Element info: {Using=xpath, value=//input[@id=&amp;apos;pin&amp;apos;]}">
      <![CDATA[org.openqa.selenium.NoSuchElementException: no such element: Unable to locate element: {"method":"xpath","selector":"//input[@id='pin']"}
  (Session info: chrome=100.0.4896.127)
For documentation on this error, please visit: https://www.seleniumhq.org/exceptions/no_such_element.html
Build info: version: '3.141.59', revision: 'e82be7d358', time: '2018-11-14T08:17:03'
System info: host: 'KEDAR', ip: '192.168.56.1', os.name: 'Windows 8.1', os.arch: 'amd64', os.version: '6.3', java.version: '17.0.2'
Driver info: org.openqa.selenium.chrome.ChromeDriver
Capabilities {acceptInsecureCerts: false, browserName: chrome, browserVersion: 100.0.4896.127, chrome: {chromedriverVersion: 100.0.4896.60 (6a5d10861ce8..., userDataDir: C:\Users\KEDARP~1\AppData\L...}, goog:chromeOptions: {debuggerAddress: localhost:55407}, javascriptEnabled: true, networkConnectionEnabled: false, pageLoadStrategy: normal, platform: WINDOWS, platformName: WINDOWS, proxy: Proxy(), setWindowRect: true, strictFileInteractability: false, timeouts: {implicit: 0, pageLoad: 300000, script: 30000}, unhandledPromptBehavior: dismiss and notify, webauthn:extension:credBlob: true, webauthn:extension:largeBlob: true, webauthn:virtualAuthenticators: true}
Session ID: 27bebc12be2f4c798c52eaf26efc7eff
*** Element info: {Using=xpath, value=//input[@id='pin']}
at org.openqa.selenium.remote.http.W3CHttpResponseCodec.createException(W3CHttpResponseCodec.java:187)
at org.openqa.selenium.remote.http.W3CHttpResponseCodec.decode(W3CHttpResponseCodec.java:122)
at org.openqa.selenium.remote.http.W3CHttpResponseCodec.decode(W3CHttpResponseCodec.java:49)
at org.openqa.selenium.remote.HttpCommandExecutor.execute(HttpCommandExecutor.java:158)
at org.openqa.selenium.remote.service.DriverCommandExecutor.execute(DriverCommandExecutor.java:83)
at org.openqa.selenium.remote.RemoteWebDriver.execute(RemoteWebDriver.java:552)
at org.openqa.selenium.remote.RemoteWebDriver.findElement(RemoteWebDriver.java:323)
at org.openqa.selenium.remote.RemoteWebDriver.findElementByXPath(RemoteWebDriver.java:428)
at org.openqa.selenium.By$ByXPath.findElement(By.java:353)
at org.openqa.selenium.remote.RemoteWebDriver.findElement(RemoteWebDriver.java:315)
at org.openqa.selenium.support.pagefactory.DefaultElementLocator.findElement(DefaultElementLocator.java:69)
at org.openqa.selenium.support.pagefactory.internal.LocatingElementHandler.invoke(LocatingElementHandler.java:38)
at jdk.proxy2/jdk.proxy2.$Proxy12.sendKeys(Unknown Source)
at Pages.LoginPage.setLogin(LoginPage.java:37)
at TestCases.FundsPagesTest.Setup(FundsPagesTest.java:28)
at java.base/java.util.ArrayList.forEach(ArrayList.java:1511)
... Removed 36 stack frames]]>
    </failure>
  </testcase> <!-- @BeforeMethod Setup -->
  <testcase classname="TestCases.FundsPagesTest" name="@AfterMethod close" time="-1.650537087595E9">
    <skipped/>
  </testcase> <!-- @AfterMethod close -->
  <testcase classname="TestCases.FundsPagesTest" name="@BeforeMethod Setup" time="-1.650537087599E9">
    <skipped/>
  </testcase> <!-- @BeforeMethod Setup -->
  <testcase classname="TestCases.FundsPagesTest" name="@AfterMethod close" time="-1.650537087606E9">
    <skipped/>
  </testcase> <!-- @AfterMethod close -->
  <testcase classname="TestCases.LoginPageTest" name="@BeforeMethod setup" time="7.789">
    <failure type="org.openqa.selenium.WebDriverException" message="unknown error: net::ERR_NAME_NOT_RESOLVED
  (Session info: chrome=100.0.4896.127)
Build info: version: &amp;apos;3.141.59&amp;apos;, revision: &amp;apos;e82be7d358&amp;apos;, time: &amp;apos;2018-11-14T08:17:03&amp;apos;
System info: host: &amp;apos;KEDAR&amp;apos;, ip: &amp;apos;192.168.56.1&amp;apos;, os.name: &amp;apos;Windows 8.1&amp;apos;, os.arch: &amp;apos;amd64&amp;apos;, os.version: &amp;apos;6.3&amp;apos;, java.version: &amp;apos;17.0.2&amp;apos;
Driver info: org.openqa.selenium.chrome.ChromeDriver
Capabilities {acceptInsecureCerts: false, browserName: chrome, browserVersion: 100.0.4896.127, chrome: {chromedriverVersion: 100.0.4896.60 (6a5d10861ce8..., userDataDir: C:\Users\KEDARP~1\AppData\L...}, goog:chromeOptions: {debuggerAddress: localhost:55542}, javascriptEnabled: true, networkConnectionEnabled: false, pageLoadStrategy: normal, platform: WINDOWS, platformName: WINDOWS, proxy: Proxy(), setWindowRect: true, strictFileInteractability: false, timeouts: {implicit: 0, pageLoad: 300000, script: 30000}, unhandledPromptBehavior: dismiss and notify, webauthn:extension:credBlob: true, webauthn:extension:largeBlob: true, webauthn:virtualAuthenticators: true}
Session ID: fdc535d925497ccce608ea5d21f94bc7">
      <![CDATA[org.openqa.selenium.WebDriverException: unknown error: net::ERR_NAME_NOT_RESOLVED
  (Session info: chrome=100.0.4896.127)
Build info: version: '3.141.59', revision: 'e82be7d358', time: '2018-11-14T08:17:03'
System info: host: 'KEDAR', ip: '192.168.56.1', os.name: 'Windows 8.1', os.arch: 'amd64', os.version: '6.3', java.version: '17.0.2'
Driver info: org.openqa.selenium.chrome.ChromeDriver
Capabilities {acceptInsecureCerts: false, browserName: chrome, browserVersion: 100.0.4896.127, chrome: {chromedriverVersion: 100.0.4896.60 (6a5d10861ce8..., userDataDir: C:\Users\KEDARP~1\AppData\L...}, goog:chromeOptions: {debuggerAddress: localhost:55542}, javascriptEnabled: true, networkConnectionEnabled: false, pageLoadStrategy: normal, platform: WINDOWS, platformName: WINDOWS, proxy: Proxy(), setWindowRect: true, strictFileInteractability: false, timeouts: {implicit: 0, pageLoad: 300000, script: 30000}, unhandledPromptBehavior: dismiss and notify, webauthn:extension:credBlob: true, webauthn:extension:largeBlob: true, webauthn:virtualAuthenticators: true}
Session ID: fdc535d925497ccce608ea5d21f94bc7
at org.openqa.selenium.remote.http.W3CHttpResponseCodec.createException(W3CHttpResponseCodec.java:187)
at org.openqa.selenium.remote.http.W3CHttpResponseCodec.decode(W3CHttpResponseCodec.java:122)
at org.openqa.selenium.remote.http.W3CHttpResponseCodec.decode(W3CHttpResponseCodec.java:49)
at org.openqa.selenium.remote.HttpCommandExecutor.execute(HttpCommandExecutor.java:158)
at org.openqa.selenium.remote.service.DriverCommandExecutor.execute(DriverCommandExecutor.java:83)
at org.openqa.selenium.remote.RemoteWebDriver.execute(RemoteWebDriver.java:552)
at org.openqa.selenium.remote.RemoteWebDriver.get(RemoteWebDriver.java:277)
at Base.TestBase.OpenBrowser(TestBase.java:39)
at TestCases.LoginPageTest.setup(LoginPageTest.java:25)
at java.base/java.util.ArrayList.forEach(ArrayList.java:1511)
... Removed 36 stack frames]]>
    </failure>
  </testcase> <!-- @BeforeMethod setup -->
  <testcase classname="TestCases.LoginPageTest" name="@AfterMethod exit" time="-1.650537095413E9">
    <skipped/>
  </testcase> <!-- @AfterMethod exit -->
  <testcase classname="TestCases.LoginPageTest" name="@BeforeMethod setup" time="-1.650537095414E9">
    <skipped/>
  </testcase> <!-- @BeforeMethod setup -->
  <testcase classname="TestCases.LoginPageTest" name="@AfterMethod exit" time="-1.650537095429E9">
    <skipped/>
  </testcase> <!-- @AfterMethod exit -->
  <testcase classname="TestCases.LoginPageTest" name="@BeforeMethod setup" time="-1.650537095431E9">
    <skipped/>
  </testcase> <!-- @BeforeMethod setup -->
  <testcase classname="TestCases.LoginPageTest" name="@AfterMethod exit" time="-1.650537095436E9">
    <skipped/>
  </testcase> <!-- @AfterMethod exit -->
  <testcase classname="TestCases.LoginPageTest" name="@BeforeMethod setup" time="-1.650537095442E9">
    <skipped/>
  </testcase> <!-- @BeforeMethod setup -->
  <testcase classname="TestCases.LoginPageTest" name="@AfterMethod exit" time="-1.65053709545E9">
    <skipped/>
  </testcase> <!-- @AfterMethod exit -->
  <testcase classname="TestCases.LoginPageTest" name="@BeforeMethod setup" time="-1.650537095453E9">
    <skipped/>
  </testcase> <!-- @BeforeMethod setup -->
  <testcase classname="TestCases.LoginPageTest" name="@AfterMethod exit" time="-1.650537095464E9">
    <skipped/>
  </testcase> <!-- @AfterMethod exit -->
  <testcase classname="TestCases.DashBoardPageTest" name="Tc_001_Dashboradid" time="0.0">
    <skipped/>
  </testcase> <!-- Tc_001_Dashboradid -->
  <testcase classname="TestCases.DashBoardPageTest" name="Tc_002_Dashboradid" time="0.0">
    <skipped/>
  </testcase> <!-- Tc_002_Dashboradid -->
  <testcase classname="TestCases.DashBoardPageTest" name="Tc_003_Dashbordnicknam" time="0.0">
    <skipped/>
  </testcase> <!-- Tc_003_Dashbordnicknam -->
  <testcase classname="TestCases.DashBoardPageTest" name="Tc_004_DashbordUSerLable" time="0.0">
    <skipped/>
  </testcase> <!-- Tc_004_DashbordUSerLable -->
  <testcase classname="TestCases.DashBoardPageTest" name="Tc_005_DashbordUSermail" time="0.0">
    <skipped/>
  </testcase> <!-- Tc_005_DashbordUSermail -->
  <testcase classname="TestCases.DashBoardPageTest" name="Tc_005_Dashbordinvesting" time="0.0">
    <skipped/>
  </testcase> <!-- Tc_005_Dashbordinvesting -->
  <testcase classname="TestCases.DashBoardPageTest" name="Tc_006_DashBoardInviteFrnd" time="0.0">
    <skipped/>
  </testcase> <!-- Tc_006_DashBoardInviteFrnd -->
  <testcase classname="TestCases.HoldingPageTest" name="drpdown" time="0.0">
    <skipped/>
  </testcase> <!-- drpdown -->
  <testcase classname="TestCases.OrderPageTest" name="Tc_001_Oredrveify" time="32.122">
    <failure type="org.openqa.selenium.NoSuchElementException" message="no such element: Unable to locate element: {&amp;quot;method&amp;quot;:&amp;quot;xpath&amp;quot;,&amp;quot;selector&amp;quot;:&amp;quot;//button[@class=&amp;apos;button-blue&amp;apos;]&amp;quot;}
  (Session info: chrome=100.0.4896.127)
For documentation on this error, please visit: https://www.seleniumhq.org/exceptions/no_such_element.html
Build info: version: &amp;apos;3.141.59&amp;apos;, revision: &amp;apos;e82be7d358&amp;apos;, time: &amp;apos;2018-11-14T08:17:03&amp;apos;
System info: host: &amp;apos;KEDAR&amp;apos;, ip: &amp;apos;192.168.56.1&amp;apos;, os.name: &amp;apos;Windows 8.1&amp;apos;, os.arch: &amp;apos;amd64&amp;apos;, os.version: &amp;apos;6.3&amp;apos;, java.version: &amp;apos;17.0.2&amp;apos;
Driver info: org.openqa.selenium.chrome.ChromeDriver
Capabilities {acceptInsecureCerts: false, browserName: chrome, browserVersion: 100.0.4896.127, chrome: {chromedriverVersion: 100.0.4896.60 (6a5d10861ce8..., userDataDir: C:\Users\KEDARP~1\AppData\L...}, goog:chromeOptions: {debuggerAddress: localhost:55333}, javascriptEnabled: true, networkConnectionEnabled: false, pageLoadStrategy: normal, platform: WINDOWS, platformName: WINDOWS, proxy: Proxy(), setWindowRect: true, strictFileInteractability: false, timeouts: {implicit: 0, pageLoad: 300000, script: 30000}, unhandledPromptBehavior: dismiss and notify, webauthn:extension:credBlob: true, webauthn:extension:largeBlob: true, webauthn:virtualAuthenticators: true}
Session ID: 3a416f80660ca204d900c4b08a71771b
*** Element info: {Using=xpath, value=//button[@class=&amp;apos;button-blue&amp;apos;]}">
      <![CDATA[org.openqa.selenium.NoSuchElementException: no such element: Unable to locate element: {"method":"xpath","selector":"//button[@class='button-blue']"}
  (Session info: chrome=100.0.4896.127)
For documentation on this error, please visit: https://www.seleniumhq.org/exceptions/no_such_element.html
Build info: version: '3.141.59', revision: 'e82be7d358', time: '2018-11-14T08:17:03'
System info: host: 'KEDAR', ip: '192.168.56.1', os.name: 'Windows 8.1', os.arch: 'amd64', os.version: '6.3', java.version: '17.0.2'
Driver info: org.openqa.selenium.chrome.ChromeDriver
Capabilities {acceptInsecureCerts: false, browserName: chrome, browserVersion: 100.0.4896.127, chrome: {chromedriverVersion: 100.0.4896.60 (6a5d10861ce8..., userDataDir: C:\Users\KEDARP~1\AppData\L...}, goog:chromeOptions: {debuggerAddress: localhost:55333}, javascriptEnabled: true, networkConnectionEnabled: false, pageLoadStrategy: normal, platform: WINDOWS, platformName: WINDOWS, proxy: Proxy(), setWindowRect: true, strictFileInteractability: false, timeouts: {implicit: 0, pageLoad: 300000, script: 30000}, unhandledPromptBehavior: dismiss and notify, webauthn:extension:credBlob: true, webauthn:extension:largeBlob: true, webauthn:virtualAuthenticators: true}
Session ID: 3a416f80660ca204d900c4b08a71771b
*** Element info: {Using=xpath, value=//button[@class='button-blue']}
at org.openqa.selenium.remote.http.W3CHttpResponseCodec.createException(W3CHttpResponseCodec.java:187)
at org.openqa.selenium.remote.http.W3CHttpResponseCodec.decode(W3CHttpResponseCodec.java:122)
at org.openqa.selenium.remote.http.W3CHttpResponseCodec.decode(W3CHttpResponseCodec.java:49)
at org.openqa.selenium.remote.HttpCommandExecutor.execute(HttpCommandExecutor.java:158)
at org.openqa.selenium.remote.service.DriverCommandExecutor.execute(DriverCommandExecutor.java:83)
at org.openqa.selenium.remote.RemoteWebDriver.execute(RemoteWebDriver.java:552)
at org.openqa.selenium.remote.RemoteWebDriver.findElement(RemoteWebDriver.java:323)
at org.openqa.selenium.remote.RemoteWebDriver.findElementByXPath(RemoteWebDriver.java:428)
at org.openqa.selenium.By$ByXPath.findElement(By.java:353)
at org.openqa.selenium.remote.RemoteWebDriver.findElement(RemoteWebDriver.java:315)
at org.openqa.selenium.support.pagefactory.DefaultElementLocator.findElement(DefaultElementLocator.java:69)
at org.openqa.selenium.support.pagefactory.internal.LocatingElementHandler.invoke(LocatingElementHandler.java:38)
at jdk.proxy2/jdk.proxy2.$Proxy12.isEnabled(Unknown Source)
at Pages.OrderPage.CreateGtt(OrderPage.java:45)
at TestCases.OrderPageTest.Tc_001_Oredrveify(OrderPageTest.java:29)
at java.base/java.util.ArrayList.forEach(ArrayList.java:1511)
... Removed 32 stack frames]]>
    </failure>
  </testcase> <!-- Tc_001_Oredrveify -->
  <testcase classname="TestCases.FundsPagesTest" name="Tc_001_Fundspage" time="2.598"/>
  <testcase classname="TestCases.FundsPagesTest" name="Tc_002_Fundspageclick" time="0.0">
    <skipped/>
  </testcase> <!-- Tc_002_Fundspageclick -->
  <testcase classname="TestCases.FundsPagesTest" name="Tc_003_FundEquityStatement" time="0.0">
    <skipped/>
  </testcase> <!-- Tc_003_FundEquityStatement -->
  <testcase classname="TestCases.LoginPageTest" name="TC_001_loginTest" time="0.0">
    <skipped/>
  </testcase> <!-- TC_001_loginTest -->
  <testcase classname="TestCases.LoginPageTest" name="Tc_002_displaylogo1" time="0.0">
    <skipped/>
  </testcase> <!-- Tc_002_displaylogo1 -->
  <testcase classname="TestCases.LoginPageTest" name="Tc_003_displaylogo2" time="0.0">
    <skipped/>
  </testcase> <!-- Tc_003_displaylogo2 -->
  <testcase classname="TestCases.LoginPageTest" name="Tc_004_UserText" time="0.0">
    <skipped/>
  </testcase> <!-- Tc_004_UserText -->
  <testcase classname="TestCases.LoginPageTest" name="Tc_006_TitleVerify" time="0.0">
    <skipped/>
  </testcase> <!-- Tc_006_TitleVerify -->
</testsuite> <!-- Test -->
