<?xml version="1.0" encoding="UTF-8"?>
<!-- Generated by org.testng.reporters.JUnitXMLReporter -->
<testsuite ignored="0" hostname="Kedar" failures="1" tests="15" name="Test_ALL" time="362.622" errors="0" timestamp="2022-04-13T19:53:35 IST">
  <testcase classname="TestCases.FundsPagesTest" name="@AfterMethod close" time="1.798">
    <failure type="org.openqa.selenium.NoSuchSessionException" message="invalid session id
Build info: version: &amp;apos;3.141.59&amp;apos;, revision: &amp;apos;e82be7d358&amp;apos;, time: &amp;apos;2018-11-14T08:17:03&amp;apos;
System info: host: &amp;apos;KEDAR&amp;apos;, ip: &amp;apos;192.168.56.1&amp;apos;, os.name: &amp;apos;Windows 8.1&amp;apos;, os.arch: &amp;apos;amd64&amp;apos;, os.version: &amp;apos;6.3&amp;apos;, java.version: &amp;apos;17.0.2&amp;apos;
Driver info: org.openqa.selenium.chrome.ChromeDriver
Capabilities {acceptInsecureCerts: false, browserName: chrome, browserVersion: 100.0.4896.75, chrome: {chromedriverVersion: 100.0.4896.60 (6a5d10861ce8..., userDataDir: C:\Users\KEDARP~1\AppData\L...}, goog:chromeOptions: {debuggerAddress: localhost:57951}, javascriptEnabled: true, networkConnectionEnabled: false, pageLoadStrategy: normal, platform: WINDOWS, platformName: WINDOWS, proxy: Proxy(), setWindowRect: true, strictFileInteractability: false, timeouts: {implicit: 0, pageLoad: 300000, script: 30000}, unhandledPromptBehavior: dismiss and notify, webauthn:extension:credBlob: true, webauthn:extension:largeBlob: true, webauthn:virtualAuthenticators: true}
Session ID: da9a2df42c2bf963ec140c9fa263751d">
      <![CDATA[org.openqa.selenium.NoSuchSessionException: invalid session id
Build info: version: '3.141.59', revision: 'e82be7d358', time: '2018-11-14T08:17:03'
System info: host: 'KEDAR', ip: '192.168.56.1', os.name: 'Windows 8.1', os.arch: 'amd64', os.version: '6.3', java.version: '17.0.2'
Driver info: org.openqa.selenium.chrome.ChromeDriver
Capabilities {acceptInsecureCerts: false, browserName: chrome, browserVersion: 100.0.4896.75, chrome: {chromedriverVersion: 100.0.4896.60 (6a5d10861ce8..., userDataDir: C:\Users\KEDARP~1\AppData\L...}, goog:chromeOptions: {debuggerAddress: localhost:57951}, javascriptEnabled: true, networkConnectionEnabled: false, pageLoadStrategy: normal, platform: WINDOWS, platformName: WINDOWS, proxy: Proxy(), setWindowRect: true, strictFileInteractability: false, timeouts: {implicit: 0, pageLoad: 300000, script: 30000}, unhandledPromptBehavior: dismiss and notify, webauthn:extension:credBlob: true, webauthn:extension:largeBlob: true, webauthn:virtualAuthenticators: true}
Session ID: da9a2df42c2bf963ec140c9fa263751d
at org.openqa.selenium.remote.http.W3CHttpResponseCodec.createException(W3CHttpResponseCodec.java:187)
at org.openqa.selenium.remote.http.W3CHttpResponseCodec.decode(W3CHttpResponseCodec.java:122)
at org.openqa.selenium.remote.http.W3CHttpResponseCodec.decode(W3CHttpResponseCodec.java:49)
at org.openqa.selenium.remote.HttpCommandExecutor.execute(HttpCommandExecutor.java:158)
at org.openqa.selenium.remote.service.DriverCommandExecutor.execute(DriverCommandExecutor.java:83)
at org.openqa.selenium.remote.RemoteWebDriver.execute(RemoteWebDriver.java:552)
at org.openqa.selenium.remote.RemoteWebDriver.execute(RemoteWebDriver.java:609)
at org.openqa.selenium.remote.RemoteWebDriver.close(RemoteWebDriver.java:442)
at Base.TestBase.CloseBrowser(TestBase.java:45)
at TestCases.FundsPagesTest.close(FundsPagesTest.java:42)
at java.base/java.util.ArrayList.forEach(ArrayList.java:1511)
... Removed 37 stack frames]]>
    </failure>
  </testcase> <!-- @AfterMethod close -->
  <testcase classname="TestCases.DashBoardPageTest" name="Tc_001_Dashboradid" time="2.483"/>
  <testcase classname="TestCases.DashBoardPageTest" name="Tc_002_Dashboradid" time="3.829"/>
  <testcase classname="TestCases.DashBoardPageTest" name="Tc_003_Dashbordnicknam" time="1.886"/>
  <testcase classname="TestCases.DashBoardPageTest" name="Tc_004_DashbordUSerLable" time="3.998"/>
  <testcase classname="TestCases.DashBoardPageTest" name="Tc_005_DashbordUSermail" time="4.533"/>
  <testcase classname="TestCases.DashBoardPageTest" name="Tc_005_Dashbordinvesting" time="24.186"/>
  <testcase classname="TestCases.HoldingPageTest" name="drpdown" time="8.015"/>
  <testcase classname="TestCases.FundsPagesTest" name="Tc_001_Fundspage" time="1.727"/>
  <testcase classname="TestCases.FundsPagesTest" name="Tc_002_Fundspage" time="6.24">
    <failure type="java.lang.NullPointerException" message="null value in entry: handle=null">
      <![CDATA[java.lang.NullPointerException: null value in entry: handle=null
at com.google.common.collect.CollectPreconditions.checkEntryNotNull(CollectPreconditions.java:32)
at com.google.common.collect.SingletonImmutableBiMap.<init>(SingletonImmutableBiMap.java:42)
at com.google.common.collect.ImmutableBiMap.of(ImmutableBiMap.java:72)
at com.google.common.collect.ImmutableMap.of(ImmutableMap.java:124)
at org.openqa.selenium.remote.RemoteWebDriver$RemoteTargetLocator.window(RemoteWebDriver.java:903)
at Pages.FundsPage.fundClick(FundsPage.java:64)
at TestCases.FundsPagesTest.Tc_002_Fundspage(FundsPagesTest.java:32)
at java.base/java.util.ArrayList.forEach(ArrayList.java:1511)
... Removed 27 stack frames]]>
    </failure>
  </testcase> <!-- Tc_002_Fundspage -->
  <testcase classname="TestCases.FundsPagesTest" name="close" time="18.568"/>
  <testcase classname="TestCases.LoginPageTest" name="TC_001_loginTest" time="5.546"/>
  <testcase classname="TestCases.LoginPageTest" name="Tc_002_displaylogo1" time="0.061"/>
  <testcase classname="TestCases.LoginPageTest" name="Tc_003_displaylogo2" time="0.055"/>
  <testcase classname="TestCases.LoginPageTest" name="Tc_004_UserText" time="0.06"/>
  <testcase classname="TestCases.LoginPageTest" name="Tc_006_TitleVerify" time="0.014"/>
</testsuite> <!-- Test_ALL -->
