<?xml version="1.0" encoding="UTF-8"?>
<!-- Generated by org.testng.reporters.JUnitReportReporter -->
<testsuite hostname="Kedar" failures="0" tests="8" name="TestCases.DashBoardPageTest" time="3.955" errors="1" timestamp="2022-07-05T09:44:55 IST" skipped="7">
  <testcase classname="TestCases.DashBoardPageTest" name="Setup" time="3.955">
    <error message="session not created: This version of ChromeDriver only supports Chrome version 100
Current browser version is 103.0.5060.66 with binary path C:\Program Files (x86)\Google\Chrome\Application\chrome.exe
Build info: version: &#039;3.141.59&#039;, revision: &#039;e82be7d358&#039;, time: &#039;2018-11-14T08:17:03&#039;
System info: host: &#039;KEDAR&#039;, ip: &#039;192.168.56.1&#039;, os.name: &#039;Windows 8.1&#039;, os.arch: &#039;amd64&#039;, os.version: &#039;6.3&#039;, java.version: &#039;17.0.2&#039;
Driver info: driver.version: ChromeDriver
remote stacktrace: Backtrace:
	Ordinal0 [0x011E7413+2389011]
	Ordinal0 [0x01179F61+1941345]
	Ordinal0 [0x0106C658+837208]
	Ordinal0 [0x0108C773+968563]
	Ordinal0 [0x0108837A+951162]
	Ordinal0 [0x01085C51+941137]
	Ordinal0 [0x010B8C80+1150080]
	Ordinal0 [0x010B88DA+1149146]
	Ordinal0 [0x010B3F66+1130342]
	Ordinal0 [0x0108E546+976198]
	Ordinal0 [0x0108F456+980054]
	GetHandleVerifier [0x01399632+1727522]
	GetHandleVerifier [0x0144BA4D+2457661]
	GetHandleVerifier [0x0127EB81+569713]
	GetHandleVerifier [0x0127DD76+566118]
	Ordinal0 [0x01180B2B+1968939]
	Ordinal0 [0x01185988+1989000]
	Ordinal0 [0x01185A75+1989237]
	Ordinal0 [0x0118ECB1+2026673]
	BaseThreadInitThunk [0x75FE6A14+36]
	RtlInitializeExceptionChain [0x77DAA9FF+143]
	RtlInitializeExceptionChain [0x77DAA9CA+90]
" type="org.openqa.selenium.SessionNotCreatedException">
      <![CDATA[org.openqa.selenium.SessionNotCreatedException: session not created: This version of ChromeDriver only supports Chrome version 100
Current browser version is 103.0.5060.66 with binary path C:\Program Files (x86)\Google\Chrome\Application\chrome.exe
Build info: version: '3.141.59', revision: 'e82be7d358', time: '2018-11-14T08:17:03'
System info: host: 'KEDAR', ip: '192.168.56.1', os.name: 'Windows 8.1', os.arch: 'amd64', os.version: '6.3', java.version: '17.0.2'
Driver info: driver.version: ChromeDriver
remote stacktrace: Backtrace:
Ordinal0 [0x011E7413+2389011]
Ordinal0 [0x01179F61+1941345]
Ordinal0 [0x0106C658+837208]
Ordinal0 [0x0108C773+968563]
Ordinal0 [0x0108837A+951162]
Ordinal0 [0x01085C51+941137]
Ordinal0 [0x010B8C80+1150080]
Ordinal0 [0x010B88DA+1149146]
Ordinal0 [0x010B3F66+1130342]
Ordinal0 [0x0108E546+976198]
Ordinal0 [0x0108F456+980054]
GetHandleVerifier [0x01399632+1727522]
GetHandleVerifier [0x0144BA4D+2457661]
GetHandleVerifier [0x0127EB81+569713]
GetHandleVerifier [0x0127DD76+566118]
Ordinal0 [0x01180B2B+1968939]
Ordinal0 [0x01185988+1989000]
Ordinal0 [0x01185A75+1989237]
Ordinal0 [0x0118ECB1+2026673]
BaseThreadInitThunk [0x75FE6A14+36]
RtlInitializeExceptionChain [0x77DAA9FF+143]
RtlInitializeExceptionChain [0x77DAA9CA+90]

at java.base/jdk.internal.reflect.NativeConstructorAccessorImpl.newInstance0(Native Method)
at java.base/jdk.internal.reflect.NativeConstructorAccessorImpl.newInstance(NativeConstructorAccessorImpl.java:77)
at java.base/jdk.internal.reflect.DelegatingConstructorAccessorImpl.newInstance(DelegatingConstructorAccessorImpl.java:45)
at java.base/java.lang.reflect.Constructor.newInstanceWithCaller(Constructor.java:499)
at java.base/java.lang.reflect.Constructor.newInstance(Constructor.java:480)
at org.openqa.selenium.remote.W3CHandshakeResponse.lambda$errorHandler$0(W3CHandshakeResponse.java:62)
at org.openqa.selenium.remote.HandshakeResponse.lambda$getResponseFunction$0(HandshakeResponse.java:30)
at org.openqa.selenium.remote.ProtocolHandshake.lambda$createSession$0(ProtocolHandshake.java:126)
at java.base/java.util.stream.ReferencePipeline$3$1.accept(ReferencePipeline.java:197)
at java.base/java.util.Spliterators$ArraySpliterator.tryAdvance(Spliterators.java:1002)
at java.base/java.util.stream.ReferencePipeline.forEachWithCancel(ReferencePipeline.java:129)
at java.base/java.util.stream.AbstractPipeline.copyIntoWithCancel(AbstractPipeline.java:527)
at java.base/java.util.stream.AbstractPipeline.copyInto(AbstractPipeline.java:513)
at java.base/java.util.stream.AbstractPipeline.wrapAndCopyInto(AbstractPipeline.java:499)
at java.base/java.util.stream.FindOps$FindOp.evaluateSequential(FindOps.java:150)
at java.base/java.util.stream.AbstractPipeline.evaluate(AbstractPipeline.java:234)
at java.base/java.util.stream.ReferencePipeline.findFirst(ReferencePipeline.java:647)
at org.openqa.selenium.remote.ProtocolHandshake.createSession(ProtocolHandshake.java:128)
at org.openqa.selenium.remote.ProtocolHandshake.createSession(ProtocolHandshake.java:74)
at org.openqa.selenium.remote.HttpCommandExecutor.execute(HttpCommandExecutor.java:136)
at org.openqa.selenium.remote.service.DriverCommandExecutor.execute(DriverCommandExecutor.java:83)
at org.openqa.selenium.remote.RemoteWebDriver.execute(RemoteWebDriver.java:552)
at org.openqa.selenium.remote.RemoteWebDriver.startSession(RemoteWebDriver.java:213)
at org.openqa.selenium.remote.RemoteWebDriver.<init>(RemoteWebDriver.java:131)
at org.openqa.selenium.chrome.ChromeDriver.<init>(ChromeDriver.java:181)
at org.openqa.selenium.chrome.ChromeDriver.<init>(ChromeDriver.java:168)
at org.openqa.selenium.chrome.ChromeDriver.<init>(ChromeDriver.java:157)
at Base.TestBase.OpenBrowser(TestBase.java:49)
at TestCases.DashBoardPageTest.Setup(DashBoardPageTest.java:25)
at java.base/jdk.internal.reflect.NativeMethodAccessorImpl.invoke0(Native Method)
at java.base/jdk.internal.reflect.NativeMethodAccessorImpl.invoke(NativeMethodAccessorImpl.java:77)
at java.base/jdk.internal.reflect.DelegatingMethodAccessorImpl.invoke(DelegatingMethodAccessorImpl.java:43)
at java.base/java.lang.reflect.Method.invoke(Method.java:568)
at org.testng.internal.MethodInvocationHelper.invokeMethod(MethodInvocationHelper.java:133)
at org.testng.internal.MethodInvocationHelper.invokeMethodConsideringTimeout(MethodInvocationHelper.java:62)
at org.testng.internal.ConfigInvoker.invokeConfigurationMethod(ConfigInvoker.java:385)
at org.testng.internal.ConfigInvoker.invokeConfigurations(ConfigInvoker.java:321)
at org.testng.internal.TestInvoker.runConfigMethods(TestInvoker.java:700)
at org.testng.internal.TestInvoker.invokeMethod(TestInvoker.java:527)
at org.testng.internal.TestInvoker.invokeTestMethod(TestInvoker.java:173)
at org.testng.internal.MethodRunner.runInSequence(MethodRunner.java:46)
at org.testng.internal.TestInvoker$MethodInvocationAgent.invoke(TestInvoker.java:824)
at org.testng.internal.TestInvoker.invokeTestMethods(TestInvoker.java:146)
at org.testng.internal.TestMethodWorker.invokeTestMethods(TestMethodWorker.java:146)
at org.testng.internal.TestMethodWorker.run(TestMethodWorker.java:128)
at java.base/java.util.ArrayList.forEach(ArrayList.java:1511)
at org.testng.TestRunner.privateRun(TestRunner.java:794)
at org.testng.TestRunner.run(TestRunner.java:596)
at org.testng.SuiteRunner.runTest(SuiteRunner.java:377)
at org.testng.SuiteRunner.runSequentially(SuiteRunner.java:371)
at org.testng.SuiteRunner.privateRun(SuiteRunner.java:332)
at org.testng.SuiteRunner.run(SuiteRunner.java:276)
at org.testng.SuiteRunnerWorker.runSuite(SuiteRunnerWorker.java:53)
at org.testng.SuiteRunnerWorker.run(SuiteRunnerWorker.java:96)
at org.testng.TestNG.runSuitesSequentially(TestNG.java:1212)
at org.testng.TestNG.runSuitesLocally(TestNG.java:1134)
at org.testng.TestNG.runSuites(TestNG.java:1063)
at org.testng.TestNG.run(TestNG.java:1031)
at org.testng.remote.AbstractRemoteTestNG.run(AbstractRemoteTestNG.java:115)
at org.testng.remote.RemoteTestNG.initAndRun(RemoteTestNG.java:251)
at org.testng.remote.RemoteTestNG.main(RemoteTestNG.java:77)
]]>
    </error>
  </testcase> <!-- Setup -->
  <system-out/>
  <testcase classname="TestCases.DashBoardPageTest" name="Tc_001_Dashboradid" time="0.000">
    <skipped/>
  </testcase> <!-- Tc_001_Dashboradid -->
  <system-out/>
  <testcase classname="TestCases.DashBoardPageTest" name="Tc_002_Dashboradid" time="0.000">
    <skipped/>
  </testcase> <!-- Tc_002_Dashboradid -->
  <system-out/>
  <testcase classname="TestCases.DashBoardPageTest" name="Tc_003_Dashbordnicknam" time="0.000">
    <skipped/>
  </testcase> <!-- Tc_003_Dashbordnicknam -->
  <system-out/>
  <testcase classname="TestCases.DashBoardPageTest" name="Tc_004_DashbordUSerLable" time="0.000">
    <skipped/>
  </testcase> <!-- Tc_004_DashbordUSerLable -->
  <system-out/>
  <testcase classname="TestCases.DashBoardPageTest" name="Tc_005_DashbordUSermail" time="0.000">
    <skipped/>
  </testcase> <!-- Tc_005_DashbordUSermail -->
  <system-out/>
  <testcase classname="TestCases.DashBoardPageTest" name="Tc_005_Dashbordinvesting" time="0.000">
    <skipped/>
  </testcase> <!-- Tc_005_Dashbordinvesting -->
  <system-out/>
  <testcase classname="TestCases.DashBoardPageTest" name="Tc_006_DashBoardInviteFrnd" time="0.000">
    <skipped/>
  </testcase> <!-- Tc_006_DashBoardInviteFrnd -->
  <system-out/>
</testsuite> <!-- TestCases.DashBoardPageTest -->
